<?xml version="1.0" encoding="UTF-8"?>
<!-- Generated by org.testng.reporters.JUnitXMLReporter -->
<testsuite hostname="LGDN13400-W7C01" name="Default test" tests="2" failures="0" timestamp="7 Dec 2015 10:59:18 GMT" time="35.821" errors="0">
  <testcase name="TC_JOOMLA_ARTICLE_001" time="14.383" classname="testsuite_Articles.TM_JOOMLA_ARTICLE_1to8"/>
  <testcase name="TC_JOOMLA_ARTICLE_003" time="2.637" classname="testsuite_Articles.TM_JOOMLA_ARTICLE_1to8"/>
</testsuite> <!-- Default test -->
